<?xml version="1.0" encoding="UTF-8"?>
<!-- Generated by org.testng.reporters.JUnitReportReporter -->
<testsuite skipped="0" hostname="Afias-MacBook-Pro.local" name="home.SearchTest" tests="2" failures="0" timestamp="11 Oct 2018 22:06:01 GMT" time="19.567" errors="0">
  <testcase name="testSearchWithButton" time="12.923" classname="home.SearchTest"/>
  <testcase name="testSearchWithoutButton" time="6.644" classname="home.SearchTest"/>
</testsuite> <!-- home.SearchTest -->
